<?xml version="1.0" encoding="UTF-8"?>
<testng-results ignored="1" total="3" passed="1" failed="1" skipped="0">
  <reporter-output>
  </reporter-output>
  <suite started-at="2023-11-27T11:34:45 GMT" name="Default suite" finished-at="2023-11-27T11:34:58 GMT" duration-ms="13084">
    <groups>
    </groups>
    <test started-at="2023-11-27T11:34:45 GMT" name="Default test" finished-at="2023-11-27T11:34:58 GMT" duration-ms="13084">
      <class name="testSample.NewTest">
        <test-method is-config="true" signature="setUp()[pri:0, instance:testSample.NewTest@4e268090]" started-at="2023-11-27T11:34:45 GMT" name="setUp" finished-at="2023-11-27T11:34:47 GMT" duration-ms="2821" status="PASS">
          <reporter-output>
          </reporter-output>
        </test-method> <!-- setUp -->
        <test-method signature="javaSearch()[pri:0, instance:testSample.NewTest@4e268090]" started-at="2023-11-27T11:34:47 GMT" name="javaSearch" finished-at="2023-11-27T11:34:52 GMT" duration-ms="4400" status="FAIL">
          <exception class="java.lang.AssertionError">
            <message>
              <![CDATA[expected [Java Tutorial - Google Search Page] but found [Java Tutorial - Google Search]]]>
            </message>
            <full-stacktrace>
              <![CDATA[java.lang.AssertionError: expected [Java Tutorial - Google Search Page] but found [Java Tutorial - Google Search]
at org.testng.Assert.fail(Assert.java:99)
at org.testng.Assert.failNotEquals(Assert.java:1037)
at org.testng.Assert.assertEqualsImpl(Assert.java:140)
at org.testng.Assert.assertEquals(Assert.java:122)
at org.testng.Assert.assertEquals(Assert.java:629)
at org.testng.Assert.assertEquals(Assert.java:639)
at testSample.NewTest.javaSearch(NewTest.java:39)
at java.base/jdk.internal.reflect.NativeMethodAccessorImpl.invoke0(Native Method)
at java.base/jdk.internal.reflect.NativeMethodAccessorImpl.invoke(NativeMethodAccessorImpl.java:78)
at java.base/jdk.internal.reflect.DelegatingMethodAccessorImpl.invoke(DelegatingMethodAccessorImpl.java:43)
at java.base/java.lang.reflect.Method.invoke(Method.java:567)
at org.testng.internal.MethodInvocationHelper.invokeMethod(MethodInvocationHelper.java:132)
at org.testng.internal.TestInvoker.invokeMethod(TestInvoker.java:599)
at org.testng.internal.TestInvoker.invokeTestMethod(TestInvoker.java:174)
at org.testng.internal.MethodRunner.runInSequence(MethodRunner.java:46)
at org.testng.internal.TestInvoker$MethodInvocationAgent.invoke(TestInvoker.java:822)
at org.testng.internal.TestInvoker.invokeTestMethods(TestInvoker.java:147)
at org.testng.internal.TestMethodWorker.invokeTestMethods(TestMethodWorker.java:146)
at org.testng.internal.TestMethodWorker.run(TestMethodWorker.java:128)
at java.base/java.util.ArrayList.forEach(ArrayList.java:1511)
at org.testng.TestRunner.privateRun(TestRunner.java:764)
at org.testng.TestRunner.run(TestRunner.java:585)
at org.testng.SuiteRunner.runTest(SuiteRunner.java:384)
at org.testng.SuiteRunner.runSequentially(SuiteRunner.java:378)
at org.testng.SuiteRunner.privateRun(SuiteRunner.java:337)
at org.testng.SuiteRunner.run(SuiteRunner.java:286)
at org.testng.SuiteRunnerWorker.runSuite(SuiteRunnerWorker.java:53)
at org.testng.SuiteRunnerWorker.run(SuiteRunnerWorker.java:96)
at org.testng.TestNG.runSuitesSequentially(TestNG.java:1218)
at org.testng.TestNG.runSuitesLocally(TestNG.java:1140)
at org.testng.TestNG.runSuites(TestNG.java:1069)
at org.testng.TestNG.run(TestNG.java:1037)
at org.testng.remote.AbstractRemoteTestNG.run(AbstractRemoteTestNG.java:115)
at org.testng.remote.RemoteTestNG.initAndRun(RemoteTestNG.java:251)
at org.testng.remote.RemoteTestNG.main(RemoteTestNG.java:77)
]]>
            </full-stacktrace>
          </exception> <!-- java.lang.AssertionError -->
          <reporter-output>
          </reporter-output>
        </test-method> <!-- javaSearch -->
        <test-method is-config="true" signature="driverClose()[pri:0, instance:testSample.NewTest@4e268090]" started-at="2023-11-27T11:34:52 GMT" name="driverClose" finished-at="2023-11-27T11:34:52 GMT" duration-ms="175" status="PASS">
          <reporter-output>
          </reporter-output>
        </test-method> <!-- driverClose -->
        <test-method is-config="true" signature="setUp()[pri:0, instance:testSample.NewTest@4e268090]" started-at="2023-11-27T11:34:52 GMT" name="setUp" finished-at="2023-11-27T11:34:53 GMT" duration-ms="1205" status="PASS">
          <reporter-output>
          </reporter-output>
        </test-method> <!-- setUp -->
        <test-method signature="cypressSearch()[pri:-1, instance:testSample.NewTest@4e268090]" started-at="2023-11-27T11:34:53 GMT" name="cypressSearch" finished-at="2023-11-27T11:34:58 GMT" depends-on-methods="testSample.NewTest.javaSearch" duration-ms="4308" status="PASS">
          <reporter-output>
          </reporter-output>
        </test-method> <!-- cypressSearch -->
        <test-method is-config="true" signature="driverClose()[pri:0, instance:testSample.NewTest@4e268090]" started-at="2023-11-27T11:34:58 GMT" name="driverClose" finished-at="2023-11-27T11:34:58 GMT" duration-ms="124" status="PASS">
          <reporter-output>
          </reporter-output>
        </test-method> <!-- driverClose -->
      </class> <!-- testSample.NewTest -->
    </test> <!-- Default test -->
  </suite> <!-- Default suite -->
</testng-results>
